********
epoch:1    time:636
train_loss:0.607804111705971
SHAPE:(1024, 1024)
********
epoch:2    time:1251
train_loss:0.3995559401475419
SHAPE:(1024, 1024)
********
epoch:3    time:1866
train_loss:0.3756818546984101
SHAPE:(1024, 1024)
********
epoch:4    time:2480
train_loss:0.36032579996083913
SHAPE:(1024, 1024)
********
epoch:5    time:3094
train_loss:0.3484417789439947
SHAPE:(1024, 1024)
********
epoch:6    time:3706
train_loss:0.3396769188755743
SHAPE:(1024, 1024)
********
epoch:7    time:4323
train_loss:0.33828753957928986
SHAPE:(1024, 1024)
********
epoch:8    time:4937
train_loss:0.33053916535879435
SHAPE:(1024, 1024)
********
epoch:9    time:5524
train_loss:0.3223814567950326
SHAPE:(1024, 1024)
********
epoch:10    time:6111
train_loss:0.3204025266756601
SHAPE:(1024, 1024)
********
epoch:11    time:6697
train_loss:0.3178483651561211
SHAPE:(1024, 1024)
********
epoch:12    time:7284
train_loss:0.31283115935111383
SHAPE:(1024, 1024)
********
epoch:13    time:7872
train_loss:0.3097880950367344
SHAPE:(1024, 1024)
********
epoch:14    time:8457
train_loss:0.30508805317887905
SHAPE:(1024, 1024)
********
epoch:15    time:9043
train_loss:0.305208362992829
SHAPE:(1024, 1024)
********
epoch:16    time:9630
train_loss:0.3016555401112822
SHAPE:(1024, 1024)
********
epoch:17    time:10217
train_loss:0.2995922151326521
SHAPE:(1024, 1024)
********
epoch:18    time:10805
train_loss:0.2980184434734964
SHAPE:(1024, 1024)
********
epoch:19    time:11392
train_loss:0.29446200289989466
SHAPE:(1024, 1024)
********
epoch:20    time:11979
train_loss:0.29335281073052405
SHAPE:(1024, 1024)
********
epoch:21    time:12562
train_loss:0.2920246922311795
SHAPE:(1024, 1024)
********
epoch:22    time:13149
train_loss:0.28907749988377784
SHAPE:(1024, 1024)
********
epoch:23    time:13737
train_loss:0.289025161630535
SHAPE:(1024, 1024)
********
epoch:24    time:14322
train_loss:0.2881479907364839
SHAPE:(1024, 1024)
********
epoch:25    time:14906
train_loss:0.28302604220185873
SHAPE:(1024, 1024)
********
epoch:26    time:15494
train_loss:0.2817898673484812
SHAPE:(1024, 1024)
********
epoch:27    time:16081
train_loss:0.28137752978042707
SHAPE:(1024, 1024)
********
epoch:28    time:16668
train_loss:0.2798483122106694
SHAPE:(1024, 1024)
********
epoch:29    time:17254
train_loss:0.27743729501388803
SHAPE:(1024, 1024)
********
epoch:30    time:17840
train_loss:0.2782134208278264
SHAPE:(1024, 1024)
********
epoch:31    time:18424
train_loss:0.27447600490551094
SHAPE:(1024, 1024)
********
epoch:32    time:19009
train_loss:0.2743702170669803
SHAPE:(1024, 1024)
********
epoch:33    time:19594
train_loss:0.27449020014571285
SHAPE:(1024, 1024)
********
epoch:34    time:20177
train_loss:0.2731234509885235
SHAPE:(1024, 1024)
********
epoch:35    time:20761
train_loss:0.2726230901571538
SHAPE:(1024, 10************
epoch:36    time:21345
train_loss:0.2715392916897295
SHAPE:(1024, 1024)
********
epoch:37    time:21928
train_loss:0.26808332736975726
SHAPE:(1024, 1024)
********
epoch:38    time:22512
train_loss:0.2678820529668108
SHAPE:(1024, 1024)
********
epoch:39    time:23095
train_loss:0.27029391784646545
SHAPE:(1024, 1024)
********
epoch:40    time:23678
train_loss:0.2671066096796151
SHAPE:(1024, 1024)
********
epoch:41    time:24262
train_loss:0.2679646505719584
SHAPE:(1024, 1024)
********
epoch:42    time:24844
train_loss:0.26509197224624964
SHAPE:(1024, 1024)
********
epoch:43    time:25429
train_loss:0.2628216064596054
SHAPE:(1024, 1024)
********
epoch:44    time:26015
train_loss:0.26378044962347397
SHAPE:(1024, 1024)
********
epoch:45    time:26599
train_loss:0.26015699210078175
SHAPE:(1024, 1024)
********
epoch:46    time:27186
train_loss:0.26106828977192476
SHAPE:(1024, 1024)
********
epoch:47    time:27772
train_loss:0.25876681615666647
SHAPE:(1024, 1024)
********
epoch:48    time:28358
train_loss:0.2597550375815074
SHAPE:(1024, 1024)
********
epoch:49    time:28944
train_loss:0.25824185589923787
SHAPE:(1024, 1024)
********
epoch:50    time:29531
train_loss:0.25786668993771766
SHAPE:(1024, 1024)
********
epoch:51    time:30118
train_loss:0.25728323560241556
SHAPE:(1024, 1024)
********
epoch:52    time:30706
train_loss:0.2547865516681879
SHAPE:(1024, 1024)
********
epoch:53    time:31294
train_loss:0.2552068715721407
SHAPE:(1024, 1024)
********
epoch:54    time:31881
train_loss:0.253600418318986
SHAPE:(1024, 1024)
********
epoch:55    time:32468
train_loss:0.2543857816477642
SHAPE:(1024, 1024)
********
epoch:56    time:33055
train_loss:0.25393342179878686
SHAPE:(1024, 1024)
********
epoch:57    time:33642
train_loss:0.25158211925522506
SHAPE:(1024, 1024)
********
epoch:58    time:34229
train_loss:0.25251955851740343
SHAPE:(1024, 1024)
********
epoch:59    time:34816
train_loss:0.2499129775629423
SHAPE:(1024, 1024)
********
epoch:60    time:35404
train_loss:0.25082668000222474
SHAPE:(1024, 1024)
********
epoch:61    time:35991
train_loss:0.24820032369570189
SHAPE:(1024, 1024)
********
epoch:62    time:36579
train_loss:0.24703919166395386
SHAPE:(1024, 1024)
********
epoch:63    time:37166
train_loss:0.24865776784383287
SHAPE:(1024, 1024)
********
epoch:64    time:37753
train_loss:0.24570909903811552
SHAPE:(1024, 1024)
********
epoch:65    time:38342
train_loss:0.24570669009994633
SHAPE:(1024, 1024)
********
epoch:66    time:38929
train_loss:0.2455120746988387
SHAPE:(1024, 1024)
********
epoch:67    time:39516
train_loss:0.24522394341666523
SHAPE:(1024, 1024)
********
epoch:68    time:40103
train_loss:0.2467446814031748
SHAPE:(1024, 1024)
********
epoch:69    time:40690
train_loss:0.24579467093607887
SHAPE:(1024, 1024)
********
epoch:70    time:41277
train_loss:0.24632041827705
SHAPE:(1024, 1024)
********
epoch:71    time:41864
train_loss:0.24612849214340204
SHAPE:(1024, 1024)
********
epoch:72    time:42450
train_loss:0.24243381189060456
SHAPE:(1024, 1024)
********
epoch:73    time:43038
train_loss:0.24167925218868622
SHAPE:(1024, 1024)
********
epoch:74    time:43625
train_loss:0.24000932241817494
SHAPE:(1024, 1024)
********
epoch:75    time:44212
train_loss:0.24310690550963288
SHAPE:(1024, 1024)
********
epoch:76    time:44798
train_loss:0.24142926958161232
SHAPE:(1024, 1024)
********
epoch:77    time:45384
train_loss:0.23872128632086997
SHAPE:(1024, 1024)
********
epoch:78    time:45971
train_loss:0.23943499587619718
SHAPE:(1024, 1024)
********
epoch:79    time:46557
train_loss:0.2377904655653338
SHAPE:(1024, 1024)
********
epoch:80    time:47143
train_loss:0.23948002594196752
SHAPE:(1024, 1024)
********
epoch:81    time:47728
train_loss:0.23741731038066022
SHAPE:(1024, 1024)
********
epoch:82    time:48314
train_loss:0.2366829579923211
SHAPE:(1024, 1024)
********
epoch:83    time:48900
train_loss:0.23667952362854458
SHAPE:(1024, 1024)
********
epoch:84    time:49484
train_loss:0.23679480142174086
SHAPE:(1024, 1024)
********
epoch:85    time:50069
train_loss:0.23380050526044793
SHAPE:(1024, 1024)
********
epoch:86    time:50653
train_loss:0.2345595987602131
SHAPE:(1024, 1024)
********
epoch:87    time:51236
train_loss:0.23352173320824743
SHAPE:(1024, 1024)
********
epoch:88    time:51820
train_loss:0.23547637645293873
SHAPE:(1024, 1024)
********
epoch:89    time:52402
train_loss:0.23400296175204438
SHAPE:(1024, 1024)
********
epoch:90    time:52985
train_loss:0.2350809455625665
SHAPE:(1024, 1024)
********
epoch:91    time:53568
train_loss:0.2331568238173584
SHAPE:(1024, 1024)
********
epoch:92    time:54151
train_loss:0.23249115390327685
SHAPE:(1024, 1024)
********
epoch:93    time:54736
train_loss:0.23165371425841985
SHAPE:(1024, 1024)
********
epoch:94    time:55320
train_loss:0.23071984142371105
SHAPE:(1024, 1024)
********
epoch:95    time:55905
train_loss:0.2299514605122139
SHAPE:(1024, 1024)
********
epoch:96    time:56492
train_loss:0.2307382950676421
SHAPE:(1024, 1024)
********
epoch:97    time:57077
train_loss:0.22968579643191972
SHAPE:(1024, 1024)
39922
SHAPE:(1024, 1024)
********
epoch:65    time:21317
train_loss:0.24829203146390424
SHAPE:(1024, 1024)
********
epoch:66    time:21646
train_loss:0.2477494050677006
SHAPE:(1024, 1024)
********
epoch:67    time:21977
train_loss:0.2456432064756369
SHAPE:(1024, 1024)
********
epoch:68    time:22308
train_loss:0.24616158868257815
SHAPE:(1024, 1024)
********
epoch:69    time:22637
train_loss:0.24368685201192514
SHAPE:(1024, 1024)
********
epoch:70    time:22966
train_loss:0.2436884709275686
SHAPE:(1024, 1024)
********
epoch:71    time:23295
train_loss:0.24566402301574364
SHAPE:(1024, 1024)
********
epoch:72    time:23624
train_loss:0.24610321892377657
SHAPE:(1024, 1024)
********
epoch:73    time:23956
train_loss:0.2427954491132345
SHAPE:(1024, 1024)
********
epoch:74    time:24286
train_loss:0.24194619930707492
SHAPE:(1024, 1024)
********
epoch:75    time:24616
train_loss:0.2404383171445284
SHAPE:(1024, 1024)
********
epoch:76    time:24945
train_loss:0.23980446801735805
SHAPE:(1024, 1024)
********
epoch:77    time:25277
train_loss:0.23910988615109371
SHAPE:(1024, 1024)
********
epoch:78    time:25607
train_loss:0.24029661764701207
SHAPE:(1024, 1024)
********
epoch:79    time:25935
train_loss:0.24162057301937007
SHAPE:(1024, 1024)
********
epoch:80    time:26264
train_loss:0.2439460060917414
SHAPE:(1024, 1024)
********
epoch:81    time:26594
train_loss:0.2394515858628811
SHAPE:(1024, 1024)
********
epoch:82    time:26925
train_loss:0.23745245322203024
SHAPE:(1024, 1024)
********
epoch:83    time:27255
train_loss:0.23615977561626678
SHAPE:(1024, 1024)
********
epoch:84    time:27585
train_loss:0.2382486371275706
SHAPE:(1024, 1024)
********
epoch:85    time:27914
train_loss:0.2367660885437941
SHAPE:(1024, 1024)
********
epoch:86    time:28243
train_loss:0.23679493875839772
SHAPE:(1024, 1024)
********
epoch:87    time:28572
train_loss:0.2353275756041209
SHAPE:(1024, 1024)
********
epoch:88    time:28902
train_loss:0.23372575824077313
SHAPE:(1024, 1024)
********
epoch:89    time:29232
train_loss:0.23462985860995758
SHAPE:(1024, 1024)
********
epoch:90    time:29562
train_loss:0.23348208986795865
SHAPE:(1024, 1024)
********
epoch:91    time:29892
train_loss:0.2352418664174202
SHAPE:(1024, 1024)
********
epoch:92    time:30220
train_loss:0.23225332911197955
SHAPE:(1024, 1024)
********
epoch:93    time:30551
train_loss:0.2322543773895655
SHAPE:(1024, 1024)
********
epoch:94    time:30879
train_loss:0.23128858017615783
SHAPE:(1024, 1024)
********
epoch:95    time:31209
train_loss:0.23471149802207947
SHAPE:(1024, 1024)
********
epoch:96    time:31537
train_loss:0.23119173095776485
SHAPE:(1024, 1024)
********
epoch:97    time:31866
train_loss:0.22889940922076885
SHAPE:(1024, 1024)
********
epoch:98    time:32197
train_loss:0.22980645872079408
SHAPE:(1024, 1024)
********
epoch:99    time:32525
train_loss:0.23058504737340488
SHAPE:(1024, 1024)
********
epoch:100    time:32855
train_loss:0.2303357468583645
SHAPE:(1024, 1024)
********
epoch:101    time:33183
train_loss:0.22861961691807478
SHAPE:(1024, 1024)
********
epoch:102    time:33512
train_loss:0.23002641991927072
SHAPE:(1024, 1024)
********
epoch:103    time:33840
train_loss:0.23068972340761087
SHAPE:(1024, 1024)
********
epoch:104    time:34167
train_loss:0.22871884608115906
SHAPE:(1024, 1024)
********
epoch:105    time:34495
train_loss:0.22711988954971998
SHAPE:(1024, 1024)
********
epoch:106    time:34824
train_loss:0.22702002567358506
SHAPE:(1024, 1024)
********
epoch:107    time:35152
train_loss:0.22686477567140872
SHAPE:(1024, 1024)
********
epoch:108    time:35480
train_loss:0.22498251952421972
SHAPE:(1024, 1024)
********
epoch:109    time:35808
train_loss:0.2259199811097903
SHAPE:(1024, 1024)
********
epoch:110    time:36135
train_loss:0.22400323320657778
SHAPE:(1024, 1024)
********
epoch:111    time:36464
train_loss:0.22452060064444176
SHAPE:(1024, 1024)
********
epoch:112    time:36794
train_loss:0.22508073292481592
SHAPE:(1024, 1024)
********
epoch:113    time:37120
train_loss:0.22437245433147138
SHAPE:(1024, 1024)
********
epoch:98    time:57663
train_loss:0.22951003882331017
SHAPE:(1024, 1024)
********
epoch:99    time:58250
train_loss:0.22880264424237115
SHAPE:(1024, 1024)
)
********
epoch:100    time:58836
train_loss:0.22819361842413158
SHAPE:(1024, 1024)
********
epoch:101    time:59423
train_loss:0.22910292258196832
SHAPE:(1024, 1024)
********
epoch:102    time:60009
train_loss:0.2272896660690283
SHAPE:(1024, 1024)

********
epoch:119    time:39075
train_loss:0.22186293754822167
SHAPE:(1024, 1024)
********
epoch:120    time:39399
train_loss:0.2229809927634704
SHAPE:(1024, 1024)
********
epoch:121    time:39723
train_loss:0.22126335369852873
SHAPE:(1024, 1024)
********
epoch:122    time:40050
train_loss:0.22156408559053373
SHAPE:(1024, 1024)
********
epoch:103    time:60597
train_loss:0.2282770775325491
SHAPE:(1024, 1024)
********
epoch:104    time:61184
train_loss:0.22634570920344954
SHAPE:(1024, 1024)
********
epoch:105    time:61772
train_loss:0.22709645885634636
SHAPE:(1024, 1024)
********
epoch:106    time:62360
train_loss:0.22647795371892976
SHAPE:(1024, 1024)
********
epoch:107    time:62947
train_loss:0.2260468429258148
SHAPE:(1024, 1024)
********
epoch:108    time:63535
train_loss:0.22528694550935968
SHAPE:(1024, 1024)
********
epoch:109    time:64123
train_loss:0.22387983006292497
SHAPE:(1024, 1024)
********
epoch:110    time:64711
train_loss:0.22301525107091139
SHAPE:(1024, 1024)
********
epoch:111    time:65298
train_loss:0.22393097348788582
SHAPE:(1024, 1024)
********
epoch:112    time:65885
train_loss:0.22431272538008218
SHAPE:(1024, 1024)
********
epoch:113    time:66471
train_loss:0.222528639477851
SHAPE:(1024, 1024)
********
epoch:114    time:67060
train_loss:0.22206476029482058
SHAPE:(1024, 1024)
********
epoch:115    time:67648
train_loss:0.22225062838912163
SHAPE:(1024, 1024)
********
epoch:116    time:68235
train_loss:0.22109808745065918
SHAPE:(1024, 1024)
********
epoch:117    time:68822
train_loss:0.22104879379731546
SHAPE:(1024, 1024)
********
epoch:118    time:69408
train_loss:0.22138026963072963
SHAPE:(1024, 1024)
********
epoch:119    time:69995
train_loss:0.2205295651692022
SHAPE:(1024, 1024)
********
epoch:120    time:70582
train_loss:0.22046122033345072
SHAPE:(1024, 1024)
********
epoch:121    time:71168
train_loss:0.221134554523023
SHAPE:(1024, 1024)
********
epoch:122    time:71754
train_loss:0.21897779320951297
SHAPE:(1024, 1024)
********
epoch:123    time:72340
train_loss:0.2190124025432075
SHAPE:(1024, 1024)
********
epoch:124    time:72926
train_loss:0.21889310509004703
SHAPE:(1024, 1024)
********
epoch:125    time:73512
train_loss:0.2202810611054588
SHAPE:(1024, 1024)
********
epoch:126    time:74097
train_loss:0.21814010329592365
SHAPE:(1024, 1024)
********
epoch:127    time:74682
train_loss:0.21818779198517388
SHAPE:(1024, 1024)
24)
********
epoch:148    time:48437
train_loss:0.21189334694391643
SHAPE:(1024, 1024)
********
epoch:149    time:48760
train_loss:0.21469417837185736
SHAPE:(1024, 1024)
********
epoch:150    time:49082
train_loss:0.21778369954763316
SHAPE:(1024, 1024)
********
epoch:151    time:49403
train_loss:0.21126807863131547
SHAPE:(1024, 1024)
********
epoch:152    time:49725
train_loss:0.21140733185486915
SHAPE:(1024, 1024)
********
epoch:153    time:50047
train_loss:0.21062423560099724
SHAPE:(1024, 1024)
********
epoch:154    time:50369
train_loss:0.21311975083290002
SHAPE:(1024, 1024)
********
epoch:155    time:50691
train_loss:0.21074445927754426
SHAPE:(1024, 1024)
********
epoch:156    time:51012
train_loss:0.2099755259278493
SHAPE:(1024, 1024)
********
epoch:157    time:51334
train_loss:0.20942955024731466
SHAPE:(1024, 1024)
********
epoch:158    time:51657
train_loss:0.20862331990248117
SHAPE:(1024, 1024)
********
epoch:159    time:51979
train_loss:0.2094717779984841
SHAPE:(1024, 1024)
********
epoch:160    time:52300
train_loss:0.21001819796287097
SHAPE:(1024, 1024)
********
epoch:161    time:52622
train_loss:0.2084421998415238
SHAPE:(1024, 1024)
********
epoch:162    time:52944
train_loss:0.20744542949474776
SHAPE:(1024, 1024)
********
epoch:163    time:53266
train_loss:0.20836718185589864
SHAPE:(1024, 1024)
********
epoch:164    time:53588
train_loss:0.2076555840862103
SHAPE:(1024, 1024)
********
epoch:165    time:53909
train_loss:0.2094954314140173
SHAPE:(1024, 1024)
********
epoch:166    time:54230
train_loss:0.20929601169549503
SHAPE:(1024, 1024)
********
epoch:167    time:54552
train_loss:0.2234049393962591
SHAPE:(1024, 1024)
********
epoch:168    time:54873
train_loss:0.2081127948485888
SHAPE:(1024, 1024)
<_io.TextIOWrapper name='logs/NL34_LinkNet.log' mode='a+' encoding='ANSI_X3.4-1968'>update learning rate: 0.000300 -> 0.000060<_io.TextIOWrapper name='logs/NL34_LinkNet.log' mode='a+' encoding='ANSI_X3.4-1968'>update learning rate: 0.000300 -> 0.000060********
epoch:169    time:55196
train_loss:0.20931186851782677
SHAPE:(1024, 1024)
<_io.TextIOWrapper name='logs/NL34_LinkNet.log' mode='a+' encoding='ANSI_X3.4-1968'>update learning rate: 0.000060 -> 0.000012<_io.TextIOWrapper name='logs/NL34_LinkNet.log' mode='a+' encoding='ANSI_X3.4-1968'>update learning rate: 0.000060 -> 0.000012********
epoch:170    time:55518
train_loss:0.21022116461625465
SHAPE:(1024, 1024)
<_io.TextIOWrapper name='logs/NL34_LinkNet.log' mode='a+' encoding='ANSI_X3.4-1968'>update learning rate: 0.000012 -> 0.000002<_io.TextIOWrapper name='logs/NL34_LinkNet.log' mode='a+' encoding='ANSI_X3.4-1968'>update learning rate: 0.000012 -> 0.000002********
epoch:171    time:55841
train_loss:0.21215960490397917
SHAPE:(1024, 1024)
early stop at 171 epochFinish!********
epoch:1    time:329
train_loss:0.20909170806407928
SHAPE:(1024, 1024)
********
epoch:1    time:330
train_loss:0.2055218367240368
SHAPE:(1024, 1024)
********
epoch:2    time:655
train_loss:0.20557271933708435
SHAPE:(1024, 1024)
********
epoch:3    time:978
train_loss:0.20499980812653518
SHAPE:(1024, 1024)
********
epoch:4    time:1301
train_loss:0.20358690936595966
SHAPE:(1024, 1024)
********
epoch:5    time:1625
train_loss:0.20259901311917183
SHAPE:(1024, 1024)
********
epoch:6    time:1949
train_loss:0.2014213490562561
SHAPE:(1024, 1024)
********
epoch:7    time:2275
train_loss:0.2015107308824857
SHAPE:(1024, 1024)
********
epoch:8    time:2598
train_loss:0.20189097004059034
SHAPE:(1024, 1024)
********
epoch:9    time:2920
train_loss:0.20106496069675836
SHAPE:(1024, 1024)
********
epoch:10    time:3243
train_loss:0.20011682307873016
SHAPE:(1024, 1024)
********
epoch:11    time:3566
train_loss:0.19978682108414478
SHAPE:(1024, 1024)
********
epoch:12    time:3890
train_loss:0.19928976893424988
SHAPE:(1024, 1024)
********
epoch:13    time:4214
train_loss:0.19923095997327414
SHAPE:(1024, 1024)
********
epoch:14    time:4537
train_loss:0.19829958325777297
SHAPE:(1024, 1024)
********
epoch:15    time:4860
train_loss:0.19850833511505372
SHAPE:(1024, 1024)
********
epoch:16    time:5181
train_loss:0.1972551967853155
SHAPE:(1024, 1024)
********
epoch:17    time:5504
train_loss:0.19786506081238772
SHAPE:(1024, 1024)
********
epoch:18    time:5827
train_loss:0.1977317961362692
SHAPE:(1024, 1024)
********
epoch:19    time:6148
train_loss:0.19730066026632603
SHAPE:(1024, 1024)
********
epoch:20    time:6470
train_loss:0.19693284111145215
SHAPE:(1024, 1024)
********
epoch:21    time:6793
train_loss:0.19671748448640872
SHAPE:(1024, 1024)
********
epoch:22    time:7116
train_loss:0.19657044586462852
SHAPE:(1024, 1024)
********
********
epoch:1    time:329
train_loss:0.1950852955572116
SHAPE:(1024, 1024)
********
epoch:2    time:652
train_loss:0.19453312649558752
SHAPE:(1024, 1024)
********
epoch:3    time:976
train_loss:0.193910086250458
SHAPE:(1024, 1024)
********
epoch:4    time:1301
train_loss:0.19461487428500102
SHAPE:(1024, 1024)
********
epoch:5    time:1623
train_loss:0.19388582503948457
SHAPE:(1024, 1024)
********
epoch:6    time:1946
train_loss:0.19384122953200952
SHAPE:(1024, 1024)
********
epoch:7    time:2270
train_loss:0.19381766770130548
SHAPE:(1024, 1024)
********
epoch:8    time:2593
train_loss:0.1925319260893724
SHAPE:(1024, 1024)
********
epoch:9    time:2916
train_loss:0.1928592392267325
SHAPE:(1024, 1024)
********
epoch:10    time:3239
train_loss:0.19296376250493222
SHAPE:(1024, 1024)
********
epoch:11    time:3562
train_loss:0.1934515337149302
SHAPE:(1024, 1024)
********
epoch:12    time:3884
train_loss:0.1921776241598985
SHAPE:(1024, 1024)
********
epoch:13    time:4208
train_loss:0.19231190501879422
SHAPE:(1024, 1024)
********
epoch:14    time:4531
train_loss:0.1916085599706723
SHAPE:(1024, 1024)
********
epoch:15    time:4855
train_loss:0.19209655821323396
SHAPE:(1024, 1024)
********
epoch:16    time:5178
train_loss:0.19249308823775022
SHAPE:(1024, 1024)
********
epoch:17    time:5502
train_loss:0.1913664833093301
SHAPE:(1024, 1024)
********
epoch:18    time:5826
train_loss:0.19108538593237218
SHAPE:(1024, 1024)
********
epoch:19    time:6150
train_loss:0.1907868124735661
SHAPE:(1024, 1024)
********
epoch:20    time:6475
train_loss:0.19126685869235258
SHAPE:(1024, 1024)
********
epoch:21    time:6798
train_loss:0.19010032877708094
SHAPE:(1024, 1024)
********
epoch:22    time:7123
train_loss:0.19015598705945871
SHAPE:(1024, 1024)
********
epoch:23    time:7448
train_loss:0.19026522281078193
SHAPE:(1024, 1024)
********
epoch:24    time:7773
train_loss:0.1896695947417846
SHAPE:(1024, 1024)
********
epoch:25    time:8099
train_loss:0.1889779297587199
SHAPE:(1024, 1024)
********
epoch:26    time:8425
train_loss:0.18941855908204347
SHAPE:(1024, 1024)
********
epoch:27    time:8750
train_loss:0.18911938199248068
SHAPE:(1024, 1024)
********
epoch:28    time:9075
train_loss:0.1897514692865885
SHAPE:(1024, 1024)
********
epoch:29    time:9400
train_loss:0.18857828569717897
SHAPE:(1024, 1024)
********
epoch:30    time:9727
train_loss:0.18799418493723258
SHAPE:(1024, 1024)
********
epoch:31    time:10054
train_loss:0.18884787326439834
SHAPE:(1024, 1024)
********
epoch:32    time:10381
train_loss:0.18765785403740712
SHAPE:(1024, 1024)
********
epoch:33    time:10710
train_loss:0.1878111150402289
SHAPE:(1024, 1024)
********
epoch:34    time:11036
train_loss:0.18779837706914315
SHAPE:(1024, 1024)
********
epoch:35    time:11362
train_loss:0.18750954600862968
SHAPE:(1024, 1024)
********
epoch:36    time:11692
train_loss:0.1875842419381325
SHAPE:(1024, 1024)
********
epoch:37    time:12018
train_loss:0.18725038275886804
SHAPE:(1024, 1024)
********
epoch:38    time:12347
train_loss:0.1874987666423504
SHAPE:(1024, 1024)
********
epoch:39    time:12673
train_loss:0.18700649589300156
SHAPE:(1024, 1024)
********
epoch:40    time:13004
train_loss:0.1869803535250517
SHAPE:(1024, 1024)
********
epoch:41    time:13352
train_loss:0.1862007887699665
SHAPE:(1024, 1024)
********
epoch:42    time:13688
train_loss:0.18716710267158654
SHAPE:(1024, 1024)
********
epoch:43    time:14010
train_loss:0.1869997154061611
SHAPE:(1024, 1024)
********
epoch:44    time:14334
train_loss:0.18589990238348644
SHAPE:(1024, 1024)
********
epoch:45    time:14658
train_loss:0.1855165353188148
SHAPE:(1024, 1024)
********
epoch:46    time:14984
train_loss:0.18611769871069836
SHAPE:(1024, 1024)
********
epoch:47    time:15307
train_loss:0.1856655736382191
SHAPE:(1024, 1024)
********
epoch:48    time:15632
train_loss:0.1852900016002166
SHAPE:(1024, 1024)
********
epoch:49    time:15956
train_loss:0.18494880210894804
SHAPE:(1024, 1024)
********
epoch:50    time:16282
train_loss:0.1848297540193949
SHAPE:(1024, 1024)
********
epoch:51    time:16608
train_loss:0.18540949928454864
SHAPE:(1024, 1024)
********
epoch:52    time:16934
train_loss:0.1844754912532293
SHAPE:(1024, 1024)
********
epoch:53    time:17259
train_loss:0.18413619055197789
SHAPE:(1024, 1024)
********
epoch:54    time:17586
train_loss:0.18495034841008676
SHAPE:(1024, 1024)
********
epoch:55    time:17911
train_loss:0.18486515295047026
SHAPE:(1024, 1024)
********
epoch:56    time:18236
train_loss:0.18595184055276406
SHAPE:(1024, 1024)
********
epoch:57    time:18561
train_loss:0.18476206801640682
SHAPE:(1024, 1024)
********
epoch:58    time:18887
train_loss:0.18323941750404163
SHAPE:(1024, 1024)
********
epoch:59    time:19213
train_loss:0.1836295208487755
SHAPE:(1024, 1024)
********
epoch:60    time:19538
train_loss:0.18351980526095782
SHAPE:(1024, 1024)
********
epoch:61    time:19864
train_loss:0.18332355538239845
SHAPE:(1024, 1024)
********
epoch:62    time:20190
train_loss:0.18392541240423155
SHAPE:(1024, 1024)
********
epoch:63    time:20516
train_loss:0.18308217424230697
SHAPE:(1024, 1024)
********
epoch:64    time:20842
train_loss:0.18305582327720446
SHAPE:(1024, 1024)
********
epoch:65    time:21169
train_loss:0.18240657490797532
SHAPE:(1024, 1024)
********
epoch:66    time:21496
train_loss:0.18253208853495426
SHAPE:(1024, 1024)
********
epoch:67    time:21820
train_loss:0.18195303132136662
SHAPE:(1024, 1024)
********
epoch:68    time:22147
train_loss:0.18304111071121998
SHAPE:(1024, 1024)
********
epoch:69    time:22474
train_loss:0.18202124050794505
SHAPE:(1024, 1024)
********
epoch:70    time:22799
train_loss:0.1828914715311466
SHAPE:(1024, 1024)
********
epoch:71    time:23124
train_loss:0.18125590748893908
SHAPE:(1024, 1024)
********
epoch:72    time:23451
train_loss:0.18108234657691075
SHAPE:(1024, 1024)
********
epoch:73    time:23778
train_loss:0.1818854494736745
SHAPE:(1024, 1024)
********
epoch:74    time:24103
train_loss:0.18224310122239284
SHAPE:(1024, 1024)
********
epoch:75    time:24429
train_loss:0.18099220847854247
SHAPE:(1024, 1024)
********
epoch:76    time:24756
train_loss:0.18215396327850147
SHAPE:(1024, 1024)
********
epoch:77    time:25081
train_loss:0.18302477579086254
SHAPE:(1024, 1024)
********
epoch:78    time:25407
train_loss:0.18141055796773006
SHAPE:(1024, 1024)
********
epoch:79    time:25733
train_loss:0.180729063695822
SHAPE:(1024, 1024)
********
epoch:80    time:26059
train_loss:0.18006882382891118
SHAPE:(1024, 1024)
********
epoch:81    time:26388
train_loss:0.18055311949589314
SHAPE:(1024, 1024)
********
epoch:82    time:26714
train_loss:0.18068648416262406
SHAPE:(1024, 1024)
********
epoch:83    time:27039
train_loss:0.17993484301826893
SHAPE:(1024, 1024)
********
epoch:84    time:27367
train_loss:0.17957447581948377
SHAPE:(1024, 1024)
********
epoch:85    time:27694
train_loss:0.18031941594985815
SHAPE:(1024, 1024)
********
epoch:86    time:28020
train_loss:0.18058658100855657
SHAPE:(1024, 1024)
********
epoch:87    time:28345
train_loss:0.18414779196564968
SHAPE:(1024, 1024)
********
epoch:88    time:28671
train_loss:0.17969735706081758
SHAPE:(1024, 1024)
********
epoch:89    time:28997
train_loss:0.1789213676483203
SHAPE:(1024, 1024)
********
epoch:90    time:29324
train_loss:0.1788904898059674
SHAPE:(1024, 1024)
********
epoch:91    time:29651
train_loss:0.17892562737449622
SHAPE:(1024, 1024)
********
epoch:92    time:29977
train_loss:0.17886404727513974
SHAPE:(1024, 1024)
********
epoch:93    time:30303
train_loss:0.17841680133954071
SHAPE:(1024, 1024)
********
epoch:94    time:30629
train_loss:0.1785339946548144
SHAPE:(1024, 1024)
********
epoch:95    time:30955
train_loss:0.1786206410290339
SHAPE:(1024, 1024)
********
epoch:96    time:31280
train_loss:0.1781356336405644
SHAPE:(1024, 1024)
********
epoch:97    time:31608
train_loss:0.1784690261269227
SHAPE:(1024, 1024)
********
epoch:98    time:31934
train_loss:0.17816792932840494
SHAPE:(1024, 1024)
********
epoch:99    time:32259
train_loss:0.1774628834464611
SHAPE:(1024, 1024)
********
epoch:100    time:32586
train_loss:0.17771319254086568
SHAPE:(1024, 1024)
********
epoch:101    time:32911
train_loss:0.17836882875133783
SHAPE:(1024, 1024)
********
epoch:102    time:33237
train_loss:0.17773794111533042
SHAPE:(1024, 1024)
********
epoch:103    time:33564
train_loss:0.17739389529212926
SHAPE:(1024, 1024)
********
epoch:104    time:33890
train_loss:0.17721348941708223
SHAPE:(1024, 1024)
********
epoch:105    time:34218
train_loss:0.17789259786025072
SHAPE:(1024, 1024)
********
epoch:106    time:34543
train_loss:0.1774061076152019
SHAPE:(1024, 1024)
********
epoch:107    time:34869
train_loss:0.1765948347747326
SHAPE:(1024, 1024)
********
epoch:108    time:35196
train_loss:0.17699960785416458
SHAPE:(1024, 1024)
********
epoch:109    time:35521
train_loss:0.17758469235820648
SHAPE:(1024, 1024)
********
epoch:110    time:35847
train_loss:0.1762290967007478
SHAPE:(1024, 1024)
********
epoch:111    time:36173
train_loss:0.17725481293522394
SHAPE:(1024, 1024)
********
epoch:112    time:36499
train_loss:0.17604951617809442
SHAPE:(1024, 1024)
********
epoch:113    time:36826
train_loss:0.17647318578301333
SHAPE:(1024, 1024)
********
epoch:114    time:37151
train_loss:0.17603331124171231
SHAPE:(1024, 1024)
********
epoch:115    time:37479
train_loss:0.175627999408887
SHAPE:(1024, 1024)
********
epoch:116    time:37805
train_loss:0.17642051516435084
SHAPE:(1024, 1024)
********
epoch:117    time:38131
train_loss:0.17547182228702765
SHAPE:(1024, 1024)
********
epoch:118    time:38458
train_loss:0.17585075745979944
SHAPE:(1024, 1024)
********
epoch:119    time:38784
train_loss:0.17585153902570408
SHAPE:(1024, 1024)
********
epoch:120    time:39110
train_loss:0.1755852073431015
SHAPE:(1024, 1024)
********
epoch:121    time:39436
train_loss:0.17459227778972725
SHAPE:(1024, 1024)
********
epoch:122    time:39763
train_loss:0.17542513981461524
SHAPE:(1024, 1024)
********
epoch:123    time:40088
train_loss:0.17532742426563533
SHAPE:(1024, 1024)
********
epoch:124    time:40413
train_loss:0.17501847065794163
SHAPE:(1024, 1024)
********
epoch:125    time:40739
train_loss:0.17511638901554621
SHAPE:(1024, 1024)
********
epoch:126    time:41065
train_loss:0.1744939776376272
SHAPE:(1024, 1024)
********
epoch:127    time:41392
train_loss:0.17487171689669292
SHAPE:(1024, 1024)
********
epoch:128    time:41717
train_loss:0.17441198157194332
SHAPE:(1024, 1024)
********
epoch:129    time:42044
train_loss:0.17419664993500097
SHAPE:(1024, 1024)
********
epoch:130    time:42371
train_loss:0.1740589110706097
SHAPE:(1024, 1024)
********
epoch:131    time:42698
train_loss:0.17442240157188513
SHAPE:(1024, 1024)
********
epoch:132    time:43024
train_loss:0.1737645919315326
SHAPE:(1024, 1024)
********
epoch:133    time:43352
train_loss:0.17400493916028587
SHAPE:(1024, 1024)
********
epoch:134    time:43676
train_loss:0.17374753197416282
SHAPE:(1024, 1024)
********
epoch:135    time:44002
train_loss:0.1739711025968576
SHAPE:(1024, 1024)
********
epoch:136    time:44327
train_loss:0.17328102466387627
SHAPE:(1024, 1024)
********
epoch:137    time:44654
train_loss:0.17354377447030483
SHAPE:(1024, 1024)
********
epoch:138    time:44979
train_loss:0.17342426207585213
SHAPE:(1024, 1024)
********
epoch:139    time:45304
train_loss:0.173064237087965
SHAPE:(1024, 1024)
********
epoch:140    time:45630
train_loss:0.1730133996751064
SHAPE:(1024, 1024)
********
epoch:141    time:45956
train_loss:0.17280509651471407
SHAPE:(1024, 1024)
********
epoch:142    time:46282
train_loss:0.17338747513981967
SHAPE:(1024, 1024)
********
epoch:143    time:46606
train_loss:0.17264017179990426
SHAPE:(1024, 1024)
********
epoch:144    time:46932
train_loss:0.17356829622235054
SHAPE:(1024, 1024)
********
epoch:145    time:47257
train_loss:0.17417696744967728
SHAPE:(1024, 1024)
********
epoch:146    time:47582
train_loss:0.1726975882282624
SHAPE:(1024, 1024)
********
epoch:147    time:47907
train_loss:0.17300417186358036
SHAPE:(1024, 1024)
********
epoch:148    time:48233
train_loss:0.1729609760336387
SHAPE:(1024, 1024)
********
epoch:149    time:48558
train_loss:0.17238243260444738
SHAPE:(1024, 1024)
********
epoch:150    time:48884
train_loss:0.17219647518717326
SHAPE:(1024, 1024)
********
epoch:151    time:49210
train_loss:0.17172123432541506
SHAPE:(1024, 1024)
********
epoch:152    time:49536
train_loss:0.17167295712309005
SHAPE:(1024, 1024)
********
epoch:153    time:49862
train_loss:0.17216483476834418
SHAPE:(1024, 1024)
********
epoch:154    time:50187
train_loss:0.17118652610060497
SHAPE:(1024, 1024)
********
epoch:155    time:50513
train_loss:0.17120014352676197
SHAPE:(1024, 1024)
********
epoch:156    time:50838
train_loss:0.17176769230610284
SHAPE:(1024, 1024)
********
epoch:157    time:51162
train_loss:0.1709237053608283
SHAPE:(1024, 1024)
********
epoch:158    time:51488
train_loss:0.17099179499424422
SHAPE:(1024, 1024)
********
epoch:159    time:51814
train_loss:0.1710297686740374
SHAPE:(1024, 1024)
********
epoch:160    time:52140
train_loss:0.17107683169918184
SHAPE:(1024, 1024)
********
epoch:161    time:52464
train_loss:0.1716758251381226
SHAPE:(1024, 1024)
********
epoch:162    time:52790
train_loss:0.17075886223942804
SHAPE:(1024, 1024)
********
epoch:163    time:53115
train_loss:0.17047313543466422
SHAPE:(1024, 1024)
********
epoch:164    time:53442
train_loss:0.1703881514378083
SHAPE:(1024, 1024)
********
epoch:165    time:53768
train_loss:0.17031812637280194
SHAPE:(1024, 1024)
********
epoch:166    time:54094
train_loss:0.17091207613165563
SHAPE:(1024, 1024)
********
epoch:167    time:54419
train_loss:0.17035353848567375
SHAPE:(1024, 1024)
********
epoch:168    time:54745
train_loss:0.17040705094352745
SHAPE:(1024, 1024)
********
epoch:169    time:55070
train_loss:0.170500437132059
SHAPE:(1024, 1024)
********
epoch:170    time:55396
train_loss:0.16936374774728066
SHAPE:(1024, 1024)
********
epoch:171    time:55722
train_loss:0.16922817560724723
SHAPE:(1024, 1024)
********
epoch:172    time:56048
train_loss:0.16971228818098705
SHAPE:(1024, 1024)
********
epoch:173    time:56374
train_loss:0.16899556160355225
SHAPE:(1024, 1024)
********
epoch:174    time:56701
train_loss:0.16951495724228713
SHAPE:(1024, 1024)
********
epoch:175    time:57026
train_loss:0.16908062335390311
SHAPE:(1024, 1024)
********
epoch:176    time:57352
train_loss:0.16976059241554675
SHAPE:(1024, 1024)
********
epoch:177    time:57677
train_loss:0.1694582297060734
SHAPE:(1024, 1024)
********
epoch:178    time:58003
train_loss:0.17016761761445265
SHAPE:(1024, 1024)
********
epoch:179    time:58328
train_loss:0.16929139657280384
SHAPE:(1024, 1024)
********
epoch:180    time:58654
train_loss:0.16870405677801523
SHAPE:(1024, 1024)
********
epoch:181    time:58980
train_loss:0.1688160909483066
SHAPE:(1024, 1024)
********
epoch:182    time:59306
train_loss:0.16968107771797059
SHAPE:(1024, 1024)
********
epoch:183    time:59632
train_loss:0.16891581901373007
SHAPE:(1024, 1024)
********
epoch:184    time:59957
train_loss:0.16854464140457984
SHAPE:(1024, 1024)
********
epoch:185    time:60283
train_loss:0.16827121783907598
SHAPE:(1024, 1024)
********
epoch:186    time:60610
train_loss:0.16852328400963393
SHAPE:(1024, 1024)
********
epoch:187    time:60936
train_loss:0.16745203718160973
SHAPE:(1024, 1024)
********
epoch:188    time:61262
train_loss:0.1682792216157302
SHAPE:(1024, 1024)
********
epoch:189    time:61588
train_loss:0.16826684136803333
SHAPE:(1024, 1024)
********
epoch:190    time:61914
train_loss:0.16811660915995255
SHAPE:(1024, 1024)
********
epoch:191    time:62240
train_loss:0.16723421261860774
SHAPE:(1024, 1024)
********
epoch:192    time:62567
train_loss:0.16821803213694156
SHAPE:(1024, 1024)
********
epoch:193    time:62893
train_loss:0.16753837552208167
SHAPE:(1024, 1024)
********
epoch:194    time:63219
train_loss:0.16738658035412812
SHAPE:(1024, 1024)
********
epoch:195    time:63544
train_loss:0.16734974344189352
SHAPE:(1024, 1024)
********
epoch:196    time:63870
train_loss:0.16797624226564017
SHAPE:(1024, 1024)
********
epoch:197    time:64196
train_loss:0.16751144216992916
SHAPE:(1024, 1024)
********
epoch:198    time:64523
train_loss:0.16685326248407364
SHAPE:(1024, 1024)
********
epoch:199    time:64849
train_loss:0.16791312192112973
SHAPE:(1024, 1024)
********
epoch:200    time:65175
train_loss:0.1673681674286341
SHAPE:(1024, 1024)
********
epoch:201    time:65501
train_loss:0.16695137772804652
SHAPE:(1024, 1024)
********
epoch:202    time:65828
train_loss:0.16631257734619653
SHAPE:(1024, 1024)
********
epoch:203    time:66154
train_loss:0.16694623703757921
SHAPE:(1024, 1024)
********
epoch:204    time:66480
train_loss:0.166858127560371
SHAPE:(1024, 1024)
********
epoch:205    time:66806
train_loss:0.16694849991263488
SHAPE:(1024, 1024)
********
epoch:206    time:67133
train_loss:0.1663893974553316
SHAPE:(1024, 1024)
********
epoch:207    time:67459
train_loss:0.16541886297173988
SHAPE:(1024, 1024)
********
epoch:208    time:67787
train_loss:0.16610669774504808
SHAPE:(1024, 1024)
********
epoch:209    time:68113
train_loss:0.16628700754581355
SHAPE:(1024, 1024)
********
epoch:210    time:68439
train_loss:0.1656311690998383
SHAPE:(1024, 1024)
********
epoch:211    time:68765
train_loss:0.165763220955164
SHAPE:(1024, 1024)
********
epoch:212    time:69091
train_loss:0.16529174896004872
SHAPE:(1024, 1024)
********
epoch:213    time:69418
train_loss:0.1650421124047194
SHAPE:(1024, 1024)
********
epoch:214    time:69746
train_loss:0.16553305227022905
SHAPE:(1024, 1024)
********
epoch:215    time:70072
train_loss:0.16534978428330177
SHAPE:(1024, 1024)
********
epoch:216    time:70397
train_loss:0.16521603054343126
SHAPE:(1024, 1024)
********
epoch:217    time:70724
train_loss:0.1652016950532412
SHAPE:(1024, 1024)
********
epoch:218    time:71049
train_loss:0.16512259413034489
SHAPE:(1024, 1024)
********
epoch:219    time:71374
train_loss:0.16469772968154686
SHAPE:(1024, 1024)
********
epoch:220    time:71701
train_loss:0.16524734497070312
SHAPE:(1024, 1024)
********
epoch:221    time:72027
train_loss:0.1663699016166039
SHAPE:(1024, 1024)
********
epoch:222    time:72352
train_loss:0.16439052161115866
SHAPE:(1024, 1024)
********
epoch:223    time:72679
train_loss:0.16432067220791793
SHAPE:(1024, 1024)
********
epoch:224    time:73005
train_loss:0.1648832686054401
SHAPE:(1024, 1024)
********
epoch:225    time:73330
train_loss:0.16427241529409703
SHAPE:(1024, 1024)
********
epoch:226    time:73656
train_loss:0.16395528497986303
SHAPE:(1024, 1024)
********
epoch:227    time:73983
train_loss:0.16405645845792233
SHAPE:(1024, 1024)
********
epoch:228    time:74308
train_loss:0.16522206620146065
SHAPE:(1024, 1024)
********
epoch:229    time:74632
train_loss:0.16435228364589888
SHAPE:(1024, 1024)
********
epoch:230    time:74956
train_loss:0.1639991110907151
SHAPE:(1024, 1024)
********
epoch:231    time:75281
train_loss:0.1647604122566871
SHAPE:(1024, 1024)
********
epoch:232    time:75605
train_loss:0.16533184947493748
SHAPE:(1024, 1024)
********
epoch:233    time:75929
train_loss:0.16365814699958534
SHAPE:(1024, 1024)
********
epoch:234    time:76255
train_loss:0.16339461769048985
SHAPE:(1024, 1024)
********
epoch:235    time:76580
train_loss:0.16329179495955126
SHAPE:(1024, 1024)
********
epoch:236    time:76904
train_loss:0.16333104287966704
SHAPE:(1024, 1024)
********
epoch:237    time:77227
train_loss:0.16275456830477103
SHAPE:(1024, 1024)
********
epoch:238    time:77553
train_loss:0.16343262501252004
SHAPE:(1024, 1024)
********
epoch:239    time:77876
train_loss:0.1633475287220417
SHAPE:(1024, 1024)
********
epoch:240    time:78199
train_loss:0.1628707046692188
SHAPE:(1024, 1024)
********
epoch:241    time:78521
train_loss:0.16376858974496525
SHAPE:(1024, 1024)
********
epoch:242    time:78844
train_loss:0.16308162458814107
SHAPE:(1024, 1024)
********
epoch:243    time:79166
train_loss:0.1630506170483736
SHAPE:(1024, 1024)
********
epoch:244    time:79489
train_loss:0.1626805637891476
SHAPE:(1024, 1024)
********
epoch:245    time:79813
train_loss:0.1630023415463093
SHAPE:(1024, 1024)
********
epoch:246    time:80134
train_loss:0.16215333569890414
SHAPE:(1024, 1024)
********
epoch:247    time:80458
train_loss:0.1623765359704311
SHAPE:(1024, 1024)
********
epoch:248    time:80781
train_loss:0.16180275090229818
SHAPE:(1024, 1024)
********
epoch:249    time:81104
train_loss:0.16180633736344485
SHAPE:(1024, 1024)
********
epoch:250    time:81428
train_loss:0.16181448411483032
SHAPE:(1024, 1024)
********
epoch:251    time:81750
train_loss:0.16288976831695973
SHAPE:(1024, 1024)
********
epoch:252    time:82072
train_loss:0.1627081412344407
SHAPE:(1024, 1024)
********
epoch:253    time:82394
train_loss:0.16157504834043673
SHAPE:(1024, 1024)
********
epoch:254    time:82717
train_loss:0.16161507786466525
SHAPE:(1024, 1024)
********
epoch:255    time:83039
train_loss:0.1625335973042708
SHAPE:(1024, 1024)
********
epoch:256    time:83362
train_loss:0.16222707946331072
SHAPE:(1024, 1024)
********
epoch:257    time:83683
train_loss:0.16168196168847573
SHAPE:(1024, 1024)
********
epoch:258    time:84005
train_loss:0.16161166362655469
SHAPE:(1024, 1024)
********
epoch:259    time:84327
train_loss:0.1632118488351504
SHAPE:(1024, 1024)
********
epoch:260    time:84649
train_loss:0.16152178312723453
SHAPE:(1024, 1024)
********
epoch:261    time:84972
train_loss:0.16025220933250892
SHAPE:(1024, 1024)
********
epoch:262    time:85295
train_loss:0.1603827104354516
SHAPE:(1024, 1024)
********
epoch:263    time:85617
train_loss:0.1613460581463117
SHAPE:(1024, 1024)
********
epoch:264    time:85938
train_loss:0.16168952324451544
SHAPE:(1024, 1024)
********
epoch:265    time:86260
train_loss:0.16157242220181686
SHAPE:(1024, 1024)
********
epoch:266    time:86582
train_loss:0.1623675127251026
SHAPE:(1024, 1024)
********
epoch:267    time:86904
train_loss:0.1606827401006833
SHAPE:(1024, 1024)
********
epoch:268    time:87225
train_loss:0.16094831499533777
SHAPE:(1024, 1024)
<_io.TextIOWrapper name='logs/NL34_LinkNet.log' mode='a+' encoding='ANSI_X3.4-1968'>update learning rate: 0.000060 -> 0.000012<_io.TextIOWrapper name='logs/NL34_LinkNet.log' mode='a+' encoding='ANSI_X3.4-1968'>update learning rate: 0.000060 -> 0.000012********
epoch:269    time:87549
train_loss:0.15899422478217345
SHAPE:(1024, 1024)
********
epoch:270    time:87872
train_loss:0.1591384440087355
SHAPE:(1024, 1024)
********
epoch:271    time:88194
train_loss:0.15781849064888098
SHAPE:(1024, 1024)
********
epoch:272    time:88518
train_loss:0.15776280294626188
SHAPE:(1024, 1024)
********
epoch:273    time:88841
train_loss:0.1574108882019153
SHAPE:(1024, 1024)
********
epoch:274    time:89164
train_loss:0.15719334718126518
SHAPE:(1024, 1024)
********
epoch:275    time:89487
train_loss:0.15713137573538682
SHAPE:(1024, 1024)
********
epoch:276    time:89809
train_loss:0.1569919482828715
SHAPE:(1024, 1024)
********
epoch:277    time:90134
train_loss:0.1574190008525665
SHAPE:(1024, 1024)
********
epoch:278    time:90456
train_loss:0.15695724728015753
SHAPE:(1024, 1024)
********
epoch:279    time:90779
train_loss:0.15650263151679283
SHAPE:(1024, 1024)
********
epoch:280    time:91102
train_loss:0.1565829306267775
SHAPE:(1024, 1024)
********
epoch:281    time:91424
train_loss:0.1562413629813072
SHAPE:(1024, 1024)
********
epoch:282    time:91747
train_loss:0.15607559764996554
SHAPE:(1024, 1024)
********
epoch:283    time:92070
train_loss:0.15621064505898036
SHAPE:(1024, 1024)
********
epoch:284    time:92392
train_loss:0.15667318663535973
SHAPE:(1024, 1024)
********
epoch:285    time:92714
train_loss:0.15542569095507647
SHAPE:(1024, 1024)
********
epoch:286    time:93037
train_loss:0.1566517068598515
SHAPE:(1024, 1024)
********
epoch:287    time:93359
train_loss:0.15550239365070295
SHAPE:(1024, 1024)
********
epoch:288    time:93681
train_loss:0.15607441359987625
SHAPE:(1024, 1024)
********
epoch:289    time:94003
train_loss:0.156050614382212
SHAPE:(1024, 1024)
********
epoch:290    time:94325
train_loss:0.1560042295509424
SHAPE:(1024, 1024)
********
epoch:291    time:94647
train_loss:0.1558361893089918
SHAPE:(1024, 1024)
********
epoch:292    time:94968
train_loss:0.1555446429321399
SHAPE:(1024, 1024)
<_io.TextIOWrapper name='logs/NL34_LinkNet.log' mode='a+' encoding='ANSI_X3.4-1968'>update learning rate: 0.000012 -> 0.000002<_io.TextIOWrapper name='logs/NL34_LinkNet.log' mode='a+' encoding='ANSI_X3.4-1968'>update learning rate: 0.000012 -> 0.000002********
epoch:293    time:95291
train_loss:0.1560868355517204
SHAPE:(1024, 1024)
<_io.TextIOWrapper name='logs/NL34_LinkNet.log' mode='a+' encoding='ANSI_X3.4-1968'>update learning rate: 0.000002 -> 0.000000<_io.TextIOWrapper name='logs/NL34_LinkNet.log' mode='a+' encoding='ANSI_X3.4-1968'>update learning rate: 0.000002 -> 0.000000********
epoch:294    time:95614
train_loss:0.15598891325868092
SHAPE:(1024, 1024)
Finish!********

********
epoch:1    time:344
train_loss:0.19522558148854818
SHAPE:(1024, 1024)
********
epoch:2    time:679
train_loss:0.19453147491201375
SHAPE:(1024, 1024)
********
epoch:3    time:1015
train_loss:0.19476304350373072
SHAPE:(1024, 1024)
********
epoch:4    time:1350
train_loss:0.19372419145626898
SHAPE:(1024, 1024)
********
epoch:5    time:1686
train_loss:0.19420359604633772
SHAPE:(1024, 1024)
********
epoch:6    time:2021
train_loss:0.19369416817640647
SHAPE:(1024, 1024)
********
epoch:7    time:2357
train_loss:0.19374533299452218
SHAPE:(1024, 1024)
********
epoch:8    time:2692
train_loss:0.19382970443902872
SHAPE:(1024, 1024)
********
epoch:9    time:3028
train_loss:0.19305860297038005
SHAPE:(1024, 1024)
********
epoch:10    time:3364
train_loss:0.19296805835687197
SHAPE:(1024, 1024)
********
epoch:11    time:3700
train_loss:0.19210083946967738
SHAPE:(1024, 1024)
********
epoch:12    time:4038
train_loss:0.19189628687424537
SHAPE:(1024, 1024)
********
epoch:13    time:4374
train_loss:0.19263133796361775
SHAPE:(1024, 1024)
********
epoch:14    time:4709
train_loss:0.19239746366555874
SHAPE:(1024, 1024)
********
epoch:15    time:5045
train_loss:0.19183990829266034
SHAPE:(1024, 1024)
********
epoch:16    time:5382
train_loss:0.19156453114671584
SHAPE:(1024, 1024)
********
epoch:17    time:5719
train_loss:0.19135381306211155
SHAPE:(1024, 1024)
********
epoch:18    time:6056
train_loss:0.19088694774187528
SHAPE:(1024, 1024)
********
epoch:19    time:6393
train_loss:0.1901287688467747
SHAPE:(1024, 1024)
********
epoch:20    time:6730
train_loss:0.19069804434592907
SHAPE:(1024, 1024)
********
epoch:21    time:7065
train_loss:0.19184718798750486
SHAPE:(1024, 1024)
********
epoch:22    time:7401
train_loss:0.19179034720246607
SHAPE:(1024, 1024)
********
epoch:23    time:7737
train_loss:0.19067209233076143
SHAPE:(1024, 1024)
********
epoch:24    time:8073
train_loss:0.19008256384195427
SHAPE:(1024, 1024)
********
epoch:25    time:8410
train_loss:0.189838184378086
SHAPE:(1024, 1024)
********
epoch:26    time:8748
train_loss:0.18882772758221014
SHAPE:(1024, 1024)
********
epoch:27    time:9086
train_loss:0.18938272564839095
SHAPE:(1024, 1024)
********
epoch:28    time:9423
train_loss:0.1889886791125322
SHAPE:(1024, 1024)
********
epoch:29    time:9760
train_loss:0.1897083452114692
SHAPE:(1024, 1024)
********
epoch:30    time:10096
train_loss:0.1892528447203147
SHAPE:(1024, 1024)
********
epoch:31    time:10433
train_loss:0.18786615125643902
SHAPE:(1024, 1024)
********
epoch:32    time:10770
train_loss:0.18914000338468795
SHAPE:(1024, 1024)
********
epoch:33    time:11107
train_loss:0.18849409566475794
SHAPE:(1024, 1024)
********
epoch:34    time:11443
train_loss:0.18803888257497398
SHAPE:(1024, 1024)
********
epoch:35    time:11780
train_loss:0.1883419043551653
SHAPE:(1024, 1024)
********
epoch:36    time:12118
train_loss:0.18835783031506417
SHAPE:(1024, 1024)
********
epoch:37    time:12455
train_loss:0.1875254198526725
SHAPE:(1024, 1024)
********
epoch:38    time:12792
train_loss:0.18684168089276704
SHAPE:(1024, 1024)
********
epoch:39    time:13132
train_loss:0.18696268999423737
SHAPE:(1024, 1024)
********
epoch:40    time:13468
train_loss:0.18655611070302816
SHAPE:(1024, 1024)
********
epoch:41    time:13807
train_loss:0.18653616049350835
SHAPE:(1024, 1024)
********
epoch:42    time:14145
train_loss:0.18607843865950902
SHAPE:(1024, 1024)
********
epoch:43    time:14484
train_loss:0.18722869562797056
SHAPE:(1024, 1024)
********
epoch:44    time:14820
train_loss:0.18592542497775494
SHAPE:(1024, 1024)
********
epoch:45    time:15159
train_loss:0.1867946269420477
SHAPE:(1024, 1024)
********
epoch:46    time:15496
train_loss:0.18604846657850804
SHAPE:(1024, 1024)
********
epoch:47    time:15832
train_loss:0.18607650162317815
SHAPE:(1024, 1024)
********
epoch:48    time:16170
train_loss:0.18518229107826184
SHAPE:(1024, 1024)
********
epoch:49    time:16508
train_loss:0.18560952100998315
SHAPE:(1024, 1024)
********
epoch:50    time:16846
train_loss:0.18521712185480657
SHAPE:(1024, 1024)
********
epoch:51    time:17183
train_loss:0.1843662067101552
SHAPE:(1024, 1024)
********
epoch:52    time:17521
train_loss:0.1849230089630836
SHAPE:(1024, 1024)
********
epoch:53    time:17858
train_loss:0.1855008234962439
SHAPE:(1024, 1024)
********
epoch:54    time:18195
train_loss:0.18410234447473134
SHAPE:(1024, 1024)
********
epoch:55    time:18534
train_loss:0.18423497013938733
SHAPE:(1024, 1024)
********
epoch:56    time:18870
train_loss:0.18432518230416836
SHAPE:(1024, 1024)
********
epoch:57    time:19208
train_loss:0.1837981827557087
SHAPE:(1024, 1024)
********
epoch:58    time:19545
train_loss:0.1833215920206828
SHAPE:(1024, 1024)
********
epoch:59    time:19883
train_loss:0.18410448466355983
SHAPE:(1024, 1024)
********
epoch:60    time:20219
train_loss:0.183446667687251
SHAPE:(1024, 1024)
********
epoch:61    time:20556
train_loss:0.18305499431414482
SHAPE:(1024, 1024)
********
epoch:62    time:20894
train_loss:0.1840354421008856
SHAPE:(1024, 1024)
********
epoch:63    time:21230
train_loss:0.18408675369543906
SHAPE:(1024, 1024)
********
epoch:64    time:21566
train_loss:0.18434634988124554
SHAPE:(1024, 1024)
********
epoch:65    time:21903
train_loss:0.18322746929449912
SHAPE:(1024, 1024)
********
epoch:66    time:22239
train_loss:0.1821645423769951
SHAPE:(1024, 1024)
********
epoch:67    time:22577
train_loss:0.1824463124267566
SHAPE:(1024, 1024)
********
epoch:68    time:22914
train_loss:0.18225982055450096
SHAPE:(1024, 1024)
********
epoch:69    time:23250
train_loss:0.1822978696379906
SHAPE:(1024, 1024)
********
epoch:70    time:23587
train_loss:0.18320388769110044
SHAPE:(1024, 1024)
********
epoch:71    time:23924
train_loss:0.18216306349405875
SHAPE:(1024, 1024)
********
epoch:72    time:24262
train_loss:0.181409659408606
SHAPE:(1024, 1024)
********
epoch:73    time:24600
train_loss:0.18127876749405494
SHAPE:(1024, 1024)
********
epoch:74    time:24938
train_loss:0.18153759019497112
SHAPE:(1024, 1024)
********
epoch:75    time:25275
train_loss:0.1808079091975322
SHAPE:(1024, 1024)
********
epoch:76    time:25614
train_loss:0.1815827439037653
SHAPE:(1024, 1024)
********
epoch:77    time:25951
train_loss:0.18229515113127537
SHAPE:(1024, 1024)
********
epoch:78    time:26288
train_loss:0.18113352364072433
SHAPE:(1024, 1024)
********
epoch:79    time:26625
train_loss:0.18128920942544938
SHAPE:(1024, 1024)
********
epoch:80    time:26962
train_loss:0.18076966958932386
SHAPE:(1024, 1024)
********
epoch:81    time:27302
train_loss:0.1807645258995203
SHAPE:(1024, 1024)
********
epoch:82    time:27640
train_loss:0.17985076226103
SHAPE:(1024, 1024)
********
epoch:83    time:27978
train_loss:0.1804248148814226
SHAPE:(1024, 1024)
********
epoch:84    time:28315
train_loss:0.1797084727539466
SHAPE:(1024, 1024)
********
epoch:85    time:28653
train_loss:0.180286221129772
SHAPE:(1024, 1024)
********
epoch:86    time:28991
train_loss:0.18025487626974399
SHAPE:(1024, 1024)
********
epoch:87    time:29328
train_loss:0.17927314228354357
SHAPE:(1024, 1024)
********
epoch:88    time:29666
train_loss:0.17933865472292287
SHAPE:(1024, 1024)
********
epoch:89    time:30003
train_loss:0.17952697596106773
SHAPE:(1024, 1024)
********
epoch:90    time:30339
train_loss:0.17974587499331204
SHAPE:(1024, 1024)
********
epoch:91    time:30676
train_loss:0.1799587766138407
SHAPE:(1024, 1024)
********
epoch:92    time:31013
train_loss:0.17918652517673297
SHAPE:(1024, 1024)
********
epoch:93    time:31352
train_loss:0.17957668325457818
SHAPE:(1024, 1024)
********
epoch:94    time:31688
train_loss:0.179131736434423
SHAPE:(1024, 1024)
********
epoch:95    time:32027
train_loss:0.17929731026673928
SHAPE:(1024, 1024)
********
epoch:96    time:32364
train_loss:0.17868214417726566
SHAPE:(1024, 1024)
********
epoch:97    time:32702
train_loss:0.17816272761959295
SHAPE:(1024, 1024)
********
epoch:98    time:33040
train_loss:0.17835921524808956
SHAPE:(1024, 1024)
********
epoch:99    time:33378
train_loss:0.17758816555142404
SHAPE:(1024, 1024)
********
epoch:100    time:33715
train_loss:0.17819010036496016
SHAPE:(1024, 1024)
********
epoch:101    time:34052
train_loss:0.1779943221845688
SHAPE:(1024, 1024)
********
epoch:102    time:34388
train_loss:0.1779029294466361
SHAPE:(1024, 1024)
********
epoch:103    time:34725
train_loss:0.17702812254428862
SHAPE:(1024, 1024)
********
epoch:104    time:35063
train_loss:0.17879810810853272
SHAPE:(1024, 1024)
********
epoch:105    time:35400
train_loss:0.17766023045166945
SHAPE:(1024, 1024)
********
epoch:106    time:35737
train_loss:0.17742323506719027
SHAPE:(1024, 1024)
********
epoch:107    time:36073
train_loss:0.17693190643420587
SHAPE:(1024, 1024)
********
epoch:108    time:36411
train_loss:0.17753976138356403
SHAPE:(1024, 1024)
********
epoch:109    time:36748
train_loss:0.1763550768678005
SHAPE:(1024, 1024)
********
epoch:110    time:37086
train_loss:0.17679095344665724
SHAPE:(1024, 1024)
********
epoch:111    time:37423
train_loss:0.17849111767151418
SHAPE:(1024, 1024)
********
epoch:112    time:37760
train_loss:0.1764613877122219
SHAPE:(1024, 1024)
********
epoch:113    time:38097
train_loss:0.1764504047540518
SHAPE:(1024, 1024)
********
epoch:114    time:38433
train_loss:0.17711202383805544
SHAPE:(1024, 1024)
********
epoch:115    time:38769
train_loss:0.17586388322405325
SHAPE:(1024, 1024)
********
epoch:116    time:39107
train_loss:0.1764260383752676
SHAPE:(1024, 1024)
********
epoch:117    time:39442
train_loss:0.17546543047214166
SHAPE:(1024, 1024)
********
epoch:118    time:39778
train_loss:0.17510009927627368
SHAPE:(1024, 1024)
********
epoch:119    time:40118
train_loss:0.17569782563891168
SHAPE:(1024, 1024)
********
epoch:120    time:40454
train_loss:0.17527416365650983
SHAPE:(1024, 1024)
********
epoch:121    time:40790
train_loss:0.17556591687294154
SHAPE:(1024, 1024)
********
epoch:122    time:41126
train_loss:0.17535943704155776
SHAPE:(1024, 1024)
********
epoch:123    time:41463
train_loss:0.17509844039495176
SHAPE:(1024, 1024)
********
epoch:124    time:41803
train_loss:0.17583106498305615
SHAPE:(1024, 1024)
********
epoch:125    time:42139
train_loss:0.17459793446155694
SHAPE:(1024, 1024)
********
epoch:126    time:42477
train_loss:0.1751176293843832
SHAPE:(1024, 1024)
********
epoch:127    time:42813
train_loss:0.17492383749057086
SHAPE:(1024, 1024)
********
epoch:128    time:43150
train_loss:0.17483715875408587
SHAPE:(1024, 1024)
********
epoch:129    time:43486
train_loss:0.17437346785878524
SHAPE:(1024, 1024)
********
epoch:130    time:43823
train_loss:0.17474538745024265
SHAPE:(1024, 1024)
********
epoch:131    time:44159
train_loss:0.1763078266611466
SHAPE:(1024, 1024)
********
epoch:132    time:44496
train_loss:0.17380305658548306
SHAPE:(1024, 1024)
********
epoch:133    time:44833
train_loss:0.17385728718378604
SHAPE:(1024, 1024)
********
epoch:134    time:45169
train_loss:0.1737956214409608
SHAPE:(1024, 1024)
********
epoch:135    time:45507
train_loss:0.1745622329795972
SHAPE:(1024, 1024)
********
epoch:136    time:45843
train_loss:0.1740702867698975
SHAPE:(1024, 1024)
********
epoch:137    time:46179
train_loss:0.17340878492746598
SHAPE:(1024, 1024)
********
epoch:138    time:46517
train_loss:0.17380197791334911
SHAPE:(1024, 1024)
********
epoch:139    time:46852
train_loss:0.1731735556362531
SHAPE:(1024, 1024)
********
epoch:140    time:47189
train_loss:0.17294394232523747
SHAPE:(1024, 1024)
********
epoch:141    time:47526
train_loss:0.1728267536140405
SHAPE:(1024, 1024)
********
epoch:142    time:47863
train_loss:0.17320742333928743
SHAPE:(1024, 1024)
********
epoch:143    time:48199
train_loss:0.17329442415099877
SHAPE:(1024, 1024)
********
epoch:144    time:48536
train_loss:0.17236496611283375
SHAPE:(1024, 1024)
********
epoch:145    time:48873
train_loss:0.17272343906836632
SHAPE:(1024, 1024)
********
epoch:146    time:49209
train_loss:0.17190582583156916
SHAPE:(1024, 1024)
********
epoch:147    time:49546
train_loss:0.17198708466230295
SHAPE:(1024, 1024)
********
epoch:148    time:49882
train_loss:0.17302621692801134
SHAPE:(1024, 1024)
********
epoch:149    time:50218
train_loss:0.172720888008674
SHAPE:(1024, 1024)
********
epoch:150    time:50554
train_loss:0.17241759873353518
SHAPE:(1024, 1024)
********
epoch:151    time:50890
train_loss:0.17266663265151855
SHAPE:(1024, 1024)
********
epoch:152    time:51227
train_loss:0.17221198758253684
SHAPE:(1024, 1024)
<_io.TextIOWrapper name='logs/NL34_LinkNet_ReRe.log' mode='a+' encoding='ANSI_X3.4-1968'>update learning rate: 0.000060 -> 0.000012<_io.TextIOWrapper name='logs/NL34_LinkNet_ReRe.log' mode='a+' encoding='ANSI_X3.4-1968'>update learning rate: 0.000060 -> 0.000012********
epoch:153    time:51563
train_loss:0.170711918003284
SHAPE:(1024, 1024)
********
epoch:154    time:51901
train_loss:0.1696466611363949
SHAPE:(1024, 1024)
********
epoch:155    time:52239
train_loss:0.16901401548813552
SHAPE:(1024, 1024)
********
epoch:156    time:52577
train_loss:0.16927245456056716
SHAPE:(1024, 1024)
********
epoch:157    time:52913
train_loss:0.16952055408022343
SHAPE:(1024, 1024)
********
epoch:158    time:53249
train_loss:0.16880120805058724
SHAPE:(1024, 1024)
********
epoch:159    time:53586
train_loss:0.1686579226492307
SHAPE:(1024, 1024)
********
epoch:160    time:53924
train_loss:0.16853709446314052
SHAPE:(1024, 1024)
********
epoch:161    time:54261
train_loss:0.16837178892814197
SHAPE:(1024, 1024)
********
epoch:162    time:54599
train_loss:0.1684194929897785
SHAPE:(1024, 1024)
********
epoch:163    time:54934
train_loss:0.16832572624851497
SHAPE:(1024, 1024)
********
epoch:164    time:55271
train_loss:0.1677751912138401
SHAPE:(1024, 1024)
********
epoch:165    time:55608
train_loss:0.1673787247485075
SHAPE:(1024, 1024)
********
epoch:166    time:55946
train_loss:0.1677028703574951
SHAPE:(1024, 1024)
********
epoch:167    time:56282
train_loss:0.16757073389031948
SHAPE:(1024, 1024)
********
epoch:168    time:56618
train_loss:0.1675900802971461
SHAPE:(1024, 1024)
********
epoch:169    time:56955
train_loss:0.16795173260645987
SHAPE:(1024, 1024)
********
epoch:170    time:57291
train_loss:0.1674959850234863
SHAPE:(1024, 1024)
********
epoch:171    time:57628
train_loss:0.16663927500828718
SHAPE:(1024, 1024)
********
epoch:172    time:57965
train_loss:0.16714609985550244
SHAPE:(1024, 1024)
********
epoch:173    time:58301
train_loss:0.16741354362322733
SHAPE:(1024, 1024)
********
epoch:174    time:58639
train_loss:0.16699821475224616
SHAPE:(1024, 1024)
********
epoch:175    time:58976
train_loss:0.16652226415582191
SHAPE:(1024, 1024)
********
epoch:176    time:59313
train_loss:0.16641891357990413
SHAPE:(1024, 1024)
********
epoch:177    time:59650
train_loss:0.16715612633106036
SHAPE:(1024, 1024)
********
epoch:178    time:59987
train_loss:0.16656821528688456
SHAPE:(1024, 1024)
********
epoch:179    time:60324
train_loss:0.1688128310136306
SHAPE:(1024, 1024)
********
epoch:180    time:60660
train_loss:0.1669123581204659
SHAPE:(1024, 1024)
********
epoch:181    time:60997
train_loss:0.16641433366980307
SHAPE:(1024, 1024)
********
epoch:182    time:61334
train_loss:0.1668799230685601
SHAPE:(1024, 1024)
********
epoch:183    time:61672
train_loss:0.16580624618591405
SHAPE:(1024, 1024)
********
epoch:184    time:62010
train_loss:0.16640444974868726
SHAPE:(1024, 1024)
********
epoch:185    time:62346
train_loss:0.16620317474007607
SHAPE:(1024, 1024)
********
epoch:186    time:62683
train_loss:0.16654436372411557
SHAPE:(1024, 1024)
********
epoch:187    time:63020
train_loss:0.1660098013587487
SHAPE:(1024, 1024)
********
epoch:188    time:63357
train_loss:0.1664289853702753
SHAPE:(1024, 1024)
********
epoch:189    time:63694
train_loss:0.1657454846952206
SHAPE:(1024, 1024)
********
epoch:190    time:64032
train_loss:0.16664121257953154
SHAPE:(1024, 1024)
********
epoch:191    time:64369
train_loss:0.16574290960262983
SHAPE:(1024, 1024)
********
epoch:192    time:64709
train_loss:0.1660837835799425
SHAPE:(1024, 1024)
********
epoch:193    time:65046
train_loss:0.1666831785860734
SHAPE:(1024, 1024)
********
epoch:194    time:65382
train_loss:0.16569824090752847
SHAPE:(1024, 1024)
********
epoch:195    time:65720
train_loss:0.16577667107757849
SHAPE:(1024, 1024)
********
epoch:196    time:66057
train_loss:0.16592749343850674
SHAPE:(1024, 1024)
********
epoch:197    time:66394
train_loss:0.16546595585651888
SHAPE:(1024, 1024)
********
epoch:198    time:66732
train_loss:0.16588519611037694
SHAPE:(1024, 1024)
********
epoch:199    time:67069
train_loss:0.16621511939626474
SHAPE:(1024, 1024)
********
epoch:200    time:67405
train_loss:0.16585223256395412
SHAPE:(1024, 1024)
********
epoch:201    time:67742
train_loss:0.1654984608101539
SHAPE:(1024, 1024)
********
epoch:202    time:68079
train_loss:0.16517895484964054
SHAPE:(1024, 1024)
********
epoch:203    time:68416
train_loss:0.16569801807785645
SHAPE:(1024, 1024)
********
epoch:204    time:68753
train_loss:0.1658954640229543
SHAPE:(1024, 1024)
********
epoch:205    time:69090
train_loss:0.16545168006649383
SHAPE:(1024, 1024)
********
epoch:206    time:69426
train_loss:0.1657387181925468
SHAPE:(1024, 1024)
********
epoch:207    time:69763
train_loss:0.1652091105396931
SHAPE:(1024, 1024)
********
epoch:208    time:70100
train_loss:0.16549249192078908
SHAPE:(1024, 1024)
<_io.TextIOWrapper name='logs/NL34_LinkNet_ReRe.log' mode='a+' encoding='ANSI_X3.4-1968'>update learning rate: 0.000012 -> 0.000002<_io.TextIOWrapper name='logs/NL34_LinkNet_ReRe.log' mode='a+' encoding='ANSI_X3.4-1968'>update learning rate: 0.000012 -> 0.000002********
epoch:209    time:70437
train_loss:0.1654894140859445
SHAPE:(1024, 1024)
Finish!
